<?xml version="1.0" encoding="UTF-8"?>
<testsuite name="eCommerce" tests="15" skipped="0" failures="0" errors="0" timestamp="2022-10-14T16:51:37" hostname="EN2110370" time="29.559">
  <properties/>
  <testcase name="Get_ListadoDirecciones_200()" classname="eCommerce" time="3.511"/>
  <testcase name="Put_EditarDireccion_200()" classname="eCommerce" time="3.952"/>
  <testcase name="post_CrearAnuncio_200()" classname="eCommerce" time="3.307"/>
  <testcase name="post_CrearDireccion_200()" classname="eCommerce" time="1.878"/>
  <testcase name="Post_ListarCategoria_200()" classname="eCommerce" time="0.311"/>
  <testcase name="Delete_Address_200()" classname="eCommerce" time="2.152"/>
  <testcase name="Test case: Obtener categorias" classname="eCommerce" time="0.561"/>
  <testcase name="Get_ObtenerCuenta_200()" classname="eCommerce" time="1.482"/>
  <testcase name="Put_EditarAnuncio_200()" classname="eCommerce" time="4.309"/>
  <testcase name="Post_CrearUsuario_401()" classname="eCommerce" time="1.333"/>
  <testcase name="Get_ListadoFavoritos_200()" classname="eCommerce" time="1.518"/>
  <testcase name="Post_IngresarUsuario_200()" classname="eCommerce" time="1.388"/>
  <testcase name="Patch_EditarUsuario_200()" classname="eCommerce" time="2.101"/>
  <testcase name="Get_ListShops_200()" classname="eCommerce" time="0.719"/>
  <testcase name="Post_CrearAlerta_200()" classname="eCommerce" time="1.004"/>
  <system-out><![CDATA[Request method:	POST
Request URI:	https://webapi.segundamano.mx/nga/api/v1.1/private/accounts?lang=es
Proxy:			<none>
Request params:	<none>
Query params:	lang=es
Form params:	<none>
Path params:	<none>
Headers:		Authorization=Basic dGVzdC4yNjA5QG1haWxpbmF0b3IuY29tOnRlc3QwMTAxMDEwMQ==
				Accept=*/*
				Content-Type=application/x-www-form-urlencoded; charset=ISO-8859-1
Cookies:		<none>
Multiparts:		<none>
Body:			<none>
{
    "access_token": "mc1xdff2c70be600f2d9f07b2f5f86deb6278a58075e_v2",
    "account": {
        "account_id": "/private/accounts/11881664",
        "can_publish": true,
        "email": "test.2609@mailinator.com",
        "email_verified": true,
        "locations": [
            {
                "code": "5",
                "key": "region",
                "label": "Baja California Sur",
                "locations": [
                    {
                        "code": "53",
                        "key": "municipality",
                        "label": "La Paz"
                    }
                ]
            }
        ],
        "name": "Lara Croft",
        "phone": "1354654654",
        "phone_hidden": false,
        "professional": false,
        "rfc": "CICC850612CV6",
        "uuid": "a0a51a23-85b5-48ef-bd57-27edf97e6443"
    },
    "ad_events": {
        "24h": {
            "calls": 0,
            "mails": 0,
            "phone_views": 0,
            "views": 0
        },
        "7d": {
            "calls": 0,
            "mails": 0,
            "phone_views": 0,
            "views": 0
        },
        "total": {
            "calls": 0,
            "mails": 0,
            "phone_views": 0,
            "views": 0
        }
    },
    "token_type": "tag:scmcoord.com,2013:api"
}
body response {
    "access_token": "mc1xdff2c70be600f2d9f07b2f5f86deb6278a58075e_v2",
    "account": {
        "account_id": "/private/accounts/11881664",
        "can_publish": true,
        "email": "test.2609@mailinator.com",
        "email_verified": true,
        "locations": [
            {
                "code": "5",
                "key": "region",
                "label": "Baja California Sur",
                "locations": [
                    {
                        "code": "53",
                        "key": "municipality",
                        "label": "La Paz"
                    }
                ]
            }
        ],
        "name": "Lara Croft",
        "phone": "1354654654",
        "phone_hidden": false,
        "professional": false,
        "rfc": "CICC850612CV6",
        "uuid": "a0a51a23-85b5-48ef-bd57-27edf97e6443"
    },
    "ad_events": {
        "24h": {
            "calls": 0,
            "mails": 0,
            "phone_views": 0,
            "views": 0
        },
        "7d": {
            "calls": 0,
            "mails": 0,
            "phone_views": 0,
            "views": 0
        },
        "total": {
            "calls": 0,
            "mails": 0,
            "phone_views": 0,
            "views": 0
        }
    },
    "token_type": "tag:scmcoord.com,2013:api"
}
Token en funcion mc1xdff2c70be600f2d9f07b2f5f86deb6278a58075e_v2
/private/accounts/11881664
a0a51a23-85b5-48ef-bd57-27edf97e6443
uuid funciona: a0a51a23-85b5-48ef-bd57-27edf97e6443
Request method:	GET
Request URI:	https://webapi.segundamano.mx/addresses/v1/get
Proxy:			<none>
Request params:	<none>
Query params:	<none>
Form params:	<none>
Path params:	<none>
Headers:		accept=application/json, text/plain, */*
				Authorization=Basic YTBhNTFhMjMtODViNS00OGVmLWJkNTctMjdlZGY5N2U2NDQzOm1jMXhkZmYyYzcwYmU2MDBmMmQ5ZjA3YjJmNWY4NmRlYjYyNzhhNTgwNzVlX3Yy
				Content-Type=application/x-www-form-urlencoded; charset=ISO-8859-1
Cookies:		<none>
Multiparts:		<none>
Body:			<none>
{
    "addresses": {
        "387d7f12-40c5-11ed-9b09-cb2a9152498a": {
            "exteriorInfo": "asdfasdf",
            "interiorInfo": "135465",
            "region": 13,
            "municipality": 348,
            "area": 151876,
            "alias": "trabajo",
            "contact": "Arturo Bahringer",
            "phone": "1354654654",
            "zipCode": "01000"
        },
        "376edf1c-40ed-11ed-9b09-1307d2ec6d02": {
            "exteriorInfo": "asdfasdf",
            "interiorInfo": "135465",
            "region": 13,
            "municipality": 348,
            "area": 151876,
            "alias": "trabajo",
            "contact": "Arturo Bahringer",
            "phone": "1354654654",
            "zipCode": "01000"
        },
        "cdec25f2-40ee-11ed-9b09-13d139d1e2c0": {
            "exteriorInfo": "asdfasdf",
            "interiorInfo": "135465",
            "region": 13,
            "municipality": 348,
            "area": 151876,
            "alias": "trabajo",
            "contact": "Arturo Bahringer",
            "phone": "1354654654",
            "zipCode": "01000"
        },
        "4633dd04-40f2-11ed-8863-63ed1c3af992": {
            "exteriorInfo": "asdfasdf",
            "interiorInfo": "135465",
            "region": 13,
            "municipality": 348,
            "area": 151876,
            "alias": "trabajo",
            "contact": "Arturo Bahringer",
            "phone": "1354654654",
            "zipCode": "01000"
        },
        "d954a77a-40f8-11ed-92eb-fb28b5ee9dc7": {
            "exteriorInfo": "asdfasdf",
            "interiorInfo": "135465",
            "region": 13,
            "municipality": 348,
            "area": 151876,
            "alias": "trabajo",
            "contact": "Arturo Bahringer",
            "phone": "1354654654",
            "zipCode": "01000"
        },
        "f54ae750-40f8-11ed-9b09-d3b970dbb163": {
            "exteriorInfo": "asdfasdf",
            "interiorInfo": "135465",
            "region": 13,
            "municipality": 348,
            "area": 151876,
            "alias": "trabajo",
            "contact": "Arturo Bahringer",
            "phone": "1354654654",
            "zipCode": "01000"
        },
        "539e432e-40f9-11ed-9b09-2fc536f5629a": {
            "exteriorInfo": "asdfasdf",
            "interiorInfo": "135465",
            "region": 13,
            "municipality": 348,
            "area": 151876,
            "alias": "trabajo",
            "contact": "Arturo Bahringer",
            "phone": "1354654654",
            "zipCode": "01000"
        },
        "535bc64a-4101-11ed-92eb-a3286a78b007": {
            "exteriorInfo": "asdfasdf",
            "interiorInfo": "135465",
            "region": 13,
            "municipality": 348,
            "area": 151876,
            "alias": "trabajo",
            "contact": "Arturo Bahringer",
            "phone": "1354654654",
            "zipCode": "01000"
        },
        "2451a360-41a6-11ed-8863-b3726707d362": {
            "exteriorInfo": "asdfasdf",
            "interiorInfo": "135465",
            "region": 13,
            "municipality": 348,
            "area": 151876,
            "alias": "trabajo",
            "contact": "Arturo Bahringer",
            "phone": "1354654654",
            "zipCode": "01000"
        },
        "7a6f5160-4323-11ed-9b09-cfcb15094bbe": {
            "exteriorInfo": "asdfasdf",
            "interiorInfo": "135465",
            "region": 13,
            "municipality": 348,
            "area": 151876,
            "alias": "trabajo",
            "contact": "Arturo Bahringer",
            "phone": "1354654654",
            "zipCode": "01000"
        },
        "0f5b47e8-434c-11ed-92eb-c343190180f7": {
            "exteriorInfo": "asdfasdf",
            "interiorInfo": "135465",
            "region": 13,
            "municipality": 348,
            "area": 151876,
            "alias": "trabajo",
            "contact": "Arturo Bahringer",
            "phone": "1354654654",
            "zipCode": "01000"
        },
        "a75a3170-434d-11ed-92eb-8fd89bf7c5cd": {
            "exteriorInfo": "asdfasdf",
            "interiorInfo": "135465",
            "region": 13,
            "municipality": 348,
            "area": 151876,
            "alias": "trabajo",
            "contact": "Arturo Bahringer",
            "phone": "1354654654",
            "zipCode": "01000"
        },
        "e7920870-4411-11ed-8863-57a97fede3d3": {
            "exteriorInfo": "asdfasdf",
            "interiorInfo": "135465",
            "region": 13,
            "municipality": 348,
            "area": 151876,
            "alias": "trabajo",
            "contact": "Arturo Bahringer",
            "phone": "1354654654",
            "zipCode": "01000"
        },
        "1de392d2-48ad-11ed-8863-2376f0589202": {
            "exteriorInfo": "asdfasdf",
            "interiorInfo": "135465",
            "region": 13,
            "municipality": 348,
            "area": 151876,
            "alias": "trabajo",
            "contact": "Arturo Bahringer",
            "phone": "1354654654",
            "zipCode": "01000"
        },
        "7474d6f4-48b4-11ed-8a03-933658b622cf": {
            "exteriorInfo": "sdfsdfsf",
            "interiorInfo": "2",
            "region": 13,
            "municipality": 348,
            "area": 151876,
            "alias": "El trabajo",
            "contact": "Agente ventas",
            "phone": "1354654654",
            "zipCode": "01000"
        },
        "91c72cd0-48d1-11ed-9b09-c7a086ae148c": {
            "exteriorInfo": "sdfsdfsf",
            "interiorInfo": "2",
            "region": 13,
            "municipality": 348,
            "area": 151876,
            "alias": "El trabajo",
            "contact": "Agente ventas",
            "phone": "1354654654",
            "zipCode": "01000"
        },
        "9e304938-48d2-11ed-92eb-6bbecf4fe2fd": {
            "exteriorInfo": "sdfsdfsf",
            "interiorInfo": "2",
            "region": 13,
            "municipality": 348,
            "area": 151876,
            "alias": "El trabajo",
            "contact": "Agente ventas",
            "phone": "1354654654",
            "zipCode": "01000"
        },
        "55434986-48d3-11ed-92eb-7fda9563d0c4": {
            "exteriorInfo": "sdfsdfsf",
            "interiorInfo": "2",
            "region": 13,
            "municipality": 348,
            "area": 151876,
            "alias": "El trabajo",
            "contact": "Agente ventas",
            "phone": "1354654654",
            "zipCode": "01000"
        },
        "e714d3b4-48d5-11ed-8a03-ef875f1d507c": {
            "exteriorInfo": "sdfsdfsf",
            "interiorInfo": "2",
            "region": 13,
            "municipality": 348,
            "area": 151876,
            "alias": "El trabajo",
            "contact": "Agente ventas",
            "phone": "1354654654",
            "zipCode": "01000"
        },
        "2fb747c6-48dd-11ed-8863-df79a39912bc": {
            "exteriorInfo": "sdfsdfsf",
            "interiorInfo": "2",
            "region": 13,
            "municipality": 348,
            "area": 151876,
            "alias": "El trabajo",
            "contact": "Agente ventas",
            "phone": "1354654654",
            "zipCode": "01000"
        },
        "eb178368-48e3-11ed-8a03-77c50a2a7671": {
            "exteriorInfo": "sdfsdfsf",
            "interiorInfo": "2",
            "region": 13,
            "municipality": 348,
            "area": 151876,
            "alias": "El trabajo",
            "contact": "Agente ventas",
            "phone": "1354654654",
            "zipCode": "01000"
        },
        "d1980858-48e4-11ed-8a03-d7e658d1347f": {
            "exteriorInfo": "sdfsdfsf",
            "interiorInfo": "2",
            "region": 13,
            "municipality": 348,
            "area": 151876,
            "alias": "El trabajo",
            "contact": "Agente ventas",
            "phone": "1354654654",
            "zipCode": "01000"
        },
        "2e99a6a6-48e5-11ed-9b09-8f6ccba1069d": {
            "exteriorInfo": "sdfsdfsf",
            "interiorInfo": "2",
            "region": 13,
            "municipality": 348,
            "area": 151876,
            "alias": "El trabajo",
            "contact": "Agente ventas",
            "phone": "1354654654",
            "zipCode": "01000"
        },
        "dd4ad6aa-496e-11ed-92eb-275b5c19690e": {
            "exteriorInfo": "sdfsdfsf",
            "interiorInfo": "2",
            "region": 13,
            "municipality": 348,
            "area": 151876,
            "alias": "El trabajo",
            "contact": "Agente ventas",
            "phone": "1354654654",
            "zipCode": "01000"
        },
        "a8cb3850-4970-11ed-8a03-3bfd27a9ce30": {
            "exteriorInfo": "sdfsdfsf",
            "interiorInfo": "2",
            "region": 13,
            "municipality": 348,
            "area": 151876,
            "alias": "El trabajo",
            "contact": "Agente ventas",
            "phone": "1354654654",
            "zipCode": "01000"
        },
        "915815c0-4971-11ed-8863-e7d4150805d1": {
            "exteriorInfo": "sdfsdfsf",
            "interiorInfo": "2",
            "region": 13,
            "municipality": 348,
            "area": 151876,
            "alias": "El trabajo",
            "contact": "Agente ventas",
            "phone": "1354654654",
            "zipCode": "01000"
        },
        "28a0bf22-4972-11ed-92eb-a74ed3faa7e8": {
            "exteriorInfo": "sdfsdfsf",
            "interiorInfo": "2",
            "region": 13,
            "municipality": 348,
            "area": 151876,
            "alias": "El trabajo",
            "contact": "Agente ventas",
            "phone": "1354654654",
            "zipCode": "01000"
        },
        "bd1ea240-4972-11ed-92eb-cbc3939f2836": {
            "exteriorInfo": "sdfsdfsf",
            "interiorInfo": "2",
            "region": 13,
            "municipality": 348,
            "area": 151876,
            "alias": "El trabajo",
            "contact": "Agente ventas",
            "phone": "1354654654",
            "zipCode": "01000"
        },
        "e394e7a8-4973-11ed-8863-c345d68292bd": {
            "exteriorInfo": "sdfsdfsf",
            "interiorInfo": "2",
            "region": 13,
            "municipality": 348,
            "area": 151876,
            "alias": "El trabajo",
            "contact": "Agente ventas",
            "phone": "1354654654",
            "zipCode": "01000"
        },
        "f57da3fc-4990-11ed-92eb-5b27ea480dd9": {
            "exteriorInfo": "sdfsdfsf",
            "interiorInfo": "2",
            "region": 13,
            "municipality": 348,
            "area": 151876,
            "alias": "El trabajo",
            "contact": "Agente ventas",
            "phone": "1354654654",
            "zipCode": "01000"
        },
        "26dc04ca-4991-11ed-9b09-1b05cdded3d7": {
            "exteriorInfo": "sdfsdfsf",
            "interiorInfo": "2",
            "region": 13,
            "municipality": 348,
            "area": 151876,
            "alias": "El trabajo",
            "contact": "Agente ventas",
            "phone": "1354654654",
            "zipCode": "01000"
        },
        "eb676ad6-4992-11ed-9b09-77b4676af7ef": {
            "exteriorInfo": "sdfsdfsf",
            "interiorInfo": "2",
            "region": 13,
            "municipality": 348,
            "area": 151876,
            "alias": "El trabajo",
            "contact": "Agente ventas",
            "phone": "1354654654",
            "zipCode": "01000"
        },
        "53eba194-4993-11ed-9b09-c749c83b93c9": {
            "exteriorInfo": "sdfsdfsf",
            "interiorInfo": "2",
            "region": 13,
            "municipality": 348,
            "area": 151876,
            "alias": "El trabajo",
            "contact": "Agente ventas",
            "phone": "1354654654",
            "zipCode": "01000"
        },
        "2b6e5468-4994-11ed-92eb-cf75f3f6608e": {
            "exteriorInfo": "sdfsdfsf",
            "interiorInfo": "2",
            "region": 13,
            "municipality": 348,
            "area": 151876,
            "alias": "El trabajo",
            "contact": "Agente ventas",
            "phone": "1354654654",
            "zipCode": "01000"
        },
        "86e25a88-4994-11ed-8a03-2bcfb6bb28f4": {
            "exteriorInfo": "sdfsdfsf",
            "interiorInfo": "2",
            "region": 13,
            "municipality": 348,
            "area": 151876,
            "alias": "El trabajo",
            "contact": "Agente ventas",
            "phone": "1354654654",
            "zipCode": "01000"
        },
        "d6b05e0c-4994-11ed-8863-9b1ad37d4f55": {
            "exteriorInfo": "sdfsdfsf",
            "interiorInfo": "2",
            "region": 13,
            "municipality": 348,
            "area": 151876,
            "alias": "El trabajo",
            "contact": "Agente ventas",
            "phone": "1354654654",
            "zipCode": "01000"
        },
        "2928d696-4995-11ed-8a03-7bbfdc2b763e": {
            "exteriorInfo": "sdfsdfsf",
            "interiorInfo": "2",
            "region": 13,
            "municipality": 348,
            "area": 151876,
            "alias": "El trabajo",
            "contact": "Agente ventas",
            "phone": "1354654654",
            "zipCode": "01000"
        },
        "a4006f30-4997-11ed-92eb-7f34f0960108": {
            "exteriorInfo": "sdfsdfsf",
            "interiorInfo": "2",
            "region": 13,
            "municipality": 348,
            "area": 151876,
            "alias": "El trabajo",
            "contact": "Agente ventas",
            "phone": "1354654654",
            "zipCode": "01000"
        },
        "3eb0e63a-4999-11ed-8a03-57226d96a7ea": {
            "exteriorInfo": "sdfsdfsf",
            "interiorInfo": "2",
            "region": 13,
            "municipality": 348,
            "area": 151876,
            "alias": "El trabajo",
            "contact": "Agente ventas",
            "phone": "1354654654",
            "zipCode": "01000"
        },
        "73ee72ae-4999-11ed-92eb-83cfd1bf8a29": {
            "exteriorInfo": "sdfsdfsf",
            "interiorInfo": "2",
            "region": 13,
            "municipality": 348,
            "area": 151876,
            "alias": "El trabajo",
            "contact": "Agente ventas",
            "phone": "1354654654",
            "zipCode": "01000"
        },
        "f68c8a0c-4999-11ed-8a03-c346f00aaf09": {
            "exteriorInfo": "sdfsdfsf",
            "interiorInfo": "2",
            "region": 13,
            "municipality": 348,
            "area": 151876,
            "alias": "El trabajo",
            "contact": "Agente ventas",
            "phone": "1354654654",
            "zipCode": "01000"
        },
        "2d10f2fc-499a-11ed-8a03-134f1f659441": {
            "exteriorInfo": "sdfsdfsf",
            "interiorInfo": "2",
            "region": 13,
            "municipality": 348,
            "area": 151876,
            "alias": "El trabajo",
            "contact": "Agente ventas",
            "phone": "1354654654",
            "zipCode": "01000"
        },
        "0b49c7ce-499b-11ed-8863-0b0de0bd5582": {
            "exteriorInfo": "sdfsdfsf",
            "interiorInfo": "2",
            "region": 13,
            "municipality": 348,
            "area": 151876,
            "alias": "El trabajo",
            "contact": "Agente ventas",
            "phone": "1354654654",
            "zipCode": "01000"
        },
        "794f4696-499f-11ed-92eb-ffbc3c52bb58": {
            "exteriorInfo": "sdfsdfsf",
            "interiorInfo": "2",
            "region": 13,
            "municipality": 348,
            "area": 151876,
            "alias": "El trabajo",
            "contact": "Agente ventas",
            "phone": "1354654654",
            "zipCode": "01000"
        },
        "ad7419dc-49a0-11ed-8863-fbd65af5c67c": {
            "exteriorInfo": "sdfsdfsf",
            "interiorInfo": "2",
            "region": 13,
            "municipality": 348,
            "area": 151876,
            "alias": "El trabajo",
            "contact": "Agente ventas",
            "phone": "1354654654",
            "zipCode": "01000"
        },
        "02151cfa-49a3-11ed-9b09-772d2c8d7250": {
            "exteriorInfo": "sdfsdfsf",
            "interiorInfo": "2",
            "region": 13,
            "municipality": 348,
            "area": 151876,
            "alias": "El trabajo",
            "contact": "Agente ventas",
            "phone": "1354654654",
            "zipCode": "01000"
        },
        "307d1830-49a4-11ed-92eb-7bf75aafb8bd": {
            "exteriorInfo": "sdfsdfsf",
            "interiorInfo": "2",
            "region": 13,
            "municipality": 348,
            "area": 151876,
            "alias": "El trabajo",
            "contact": "Agente ventas",
            "phone": "1354654654",
            "zipCode": "01000"
        },
        "404f5a2a-49a4-11ed-9b09-b3ccb649961a": {
            "exteriorInfo": "sdfsdfsf",
            "interiorInfo": "2",
            "region": 13,
            "municipality": 348,
            "area": 151876,
            "alias": "El trabajo",
            "contact": "Agente ventas",
            "phone": "1354654654",
            "zipCode": "01000"
        },
        "6e80ffc2-49a7-11ed-9b09-3f7302c32a00": {
            "exteriorInfo": "sdf46546sf",
            "interiorInfo": "2",
            "region": 13,
            "municipality": 348,
            "area": 151876,
            "alias": "La casa",
            "contact": "Agente ventas",
            "phone": "1354653654",
            "zipCode": "01000"
        },
        "eeba5308-4a35-11ed-92eb-9b4597b6a8f2": {
            "exteriorInfo": "sdfsdfsf",
            "interiorInfo": "2",
            "region": 13,
            "municipality": 348,
            "area": 151876,
            "alias": "El trabajo",
            "contact": "Agente ventas",
            "phone": "1354654654",
            "zipCode": "01000"
        },
        "00c186a2-4a36-11ed-9b09-3f4db579d0fb": {
            "exteriorInfo": "sdfsdfsf",
            "interiorInfo": "2",
            "region": 13,
            "municipality": 348,
            "area": 151876,
            "alias": "El trabajo",
            "contact": "Agente ventas",
            "phone": "1354654654",
            "zipCode": "01000"
        },
        "03f1583a-4a3a-11ed-92eb-df0d83d92dcb": {
            "exteriorInfo": "sdfsdfsf",
            "interiorInfo": "2",
            "region": 13,
            "municipality": 348,
            "area": 151876,
            "alias": "El trabajo",
            "contact": "Agente ventas",
            "phone": "1354654654",
            "zipCode": "01000"
        },
        "5986369a-4a43-11ed-8863-4fc3510b81a8": {
            "exteriorInfo": "sdf46546sf",
            "interiorInfo": "2",
            "region": 13,
            "municipality": 348,
            "area": 151876,
            "alias": "La casa",
            "contact": "Agente ventas",
            "phone": "1354653654",
            "zipCode": "01000"
        },
        "5cf1312c-4a43-11ed-92eb-5f4c29eb9d8d": {
            "exteriorInfo": "sdfsdfsf",
            "interiorInfo": "2",
            "region": 13,
            "municipality": 348,
            "area": 151876,
            "alias": "El trabajo",
            "contact": "Agente ventas",
            "phone": "1354654654",
            "zipCode": "01000"
        },
        "836895a6-4a49-11ed-92eb-87b8be020965": {
            "exteriorInfo": "sdf46546sf",
            "interiorInfo": "2",
            "region": 13,
            "municipality": 348,
            "area": 151876,
            "alias": "La casa",
            "contact": "Agente ventas",
            "phone": "1354653654",
            "zipCode": "01000"
        },
        "865d004e-4a49-11ed-8863-37164c9b3d26": {
            "exteriorInfo": "sdfsdfsf",
            "interiorInfo": "2",
            "region": 13,
            "municipality": 348,
            "area": 151876,
            "alias": "El trabajo",
            "contact": "Agente ventas",
            "phone": "1354654654",
            "zipCode": "01000"
        },
        "b2b4e1f2-4b11-11ed-8863-0f63d462ae1b": {
            "exteriorInfo": "sdf46546sf",
            "interiorInfo": "2",
            "region": 13,
            "municipality": 348,
            "area": 151876,
            "alias": "La casa",
            "contact": "Agente ventas",
            "phone": "1354653654",
            "zipCode": "01000"
        },
        "b65c4ba6-4b11-11ed-8a03-ab3a2812f8f9": {
            "exteriorInfo": "sdfsdfsf",
            "interiorInfo": "2",
            "region": 13,
            "municipality": 348,
            "area": 151876,
            "alias": "El trabajo",
            "contact": "Agente ventas",
            "phone": "1354654654",
            "zipCode": "01000"
        },
        "42adabb0-4b1f-11ed-8863-1bd160dbb96d": {
            "exteriorInfo": "sdf46546sf",
            "interiorInfo": "2",
            "region": 13,
            "municipality": 348,
            "area": 151876,
            "alias": "La casa",
            "contact": "Agente ventas",
            "phone": "1354653654",
            "zipCode": "01000"
        },
        "47c0170a-4b1f-11ed-8a03-6fdc9f2b4411": {
            "exteriorInfo": "sdfsdfsf",
            "interiorInfo": "2",
            "region": 13,
            "municipality": 348,
            "area": 151876,
            "alias": "El trabajo",
            "contact": "Agente ventas",
            "phone": "1354654654",
            "zipCode": "01000"
        },
        "4b51de94-4bd3-11ed-8863-e32d8ce5a16e": {
            "exteriorInfo": "sdf46546sf",
            "interiorInfo": "2",
            "region": 13,
            "municipality": 348,
            "area": 151876,
            "alias": "La casa",
            "contact": "Agente ventas",
            "phone": "1354653654",
            "zipCode": "01000"
        },
        "b295a2a0-4bd5-11ed-8863-17cdb39b624c": {
            "exteriorInfo": "sdfsdfsf",
            "interiorInfo": "2",
            "region": 13,
            "municipality": 348,
            "area": 151876,
            "alias": "El trabajo",
            "contact": "Agente ventas",
            "phone": "1354654654",
            "zipCode": "01000"
        },
        "b429d8e8-4bd5-11ed-9b09-43a372406255": {
            "exteriorInfo": "sdf46546sf",
            "interiorInfo": "2",
            "region": 13,
            "municipality": 348,
            "area": 151876,
            "alias": "La casa",
            "contact": "Agente ventas",
            "phone": "1354653654",
            "zipCode": "01000"
        },
        "36e81ec6-4bdf-11ed-92eb-73ac0a7386ae": {
            "exteriorInfo": "sdfsdfsf",
            "interiorInfo": "2",
            "region": 13,
            "municipality": 348,
            "area": 151876,
            "alias": "El trabajo",
            "contact": "Agente ventas",
            "phone": "1354654654",
            "zipCode": "01000"
        }
    }
}
Request method:	POST
Request URI:	https://webapi.segundamano.mx/nga/api/v1.1/private/accounts?lang=es
Proxy:			<none>
Request params:	<none>
Query params:	lang=es
Form params:	<none>
Path params:	<none>
Headers:		Authorization=Basic dGVzdC4yNjA5QG1haWxpbmF0b3IuY29tOnRlc3QwMTAxMDEwMQ==
				Accept=*/*
				Content-Type=application/x-www-form-urlencoded; charset=ISO-8859-1
Cookies:		<none>
Multiparts:		<none>
Body:			<none>
{
    "access_token": "mc1x89222afac96685a6e3a326c91d102c23fe9f8ad2_v2",
    "account": {
        "account_id": "/private/accounts/11881664",
        "can_publish": true,
        "email": "test.2609@mailinator.com",
        "email_verified": true,
        "locations": [
            {
                "code": "5",
                "key": "region",
                "label": "Baja California Sur",
                "locations": [
                    {
                        "code": "53",
                        "key": "municipality",
                        "label": "La Paz"
                    }
                ]
            }
        ],
        "name": "Lara Croft",
        "phone": "1354654654",
        "phone_hidden": false,
        "professional": false,
        "rfc": "CICC850612CV6",
        "uuid": "a0a51a23-85b5-48ef-bd57-27edf97e6443"
    },
    "ad_events": {
        "24h": {
            "calls": 0,
            "mails": 0,
            "phone_views": 0,
            "views": 0
        },
        "7d": {
            "calls": 0,
            "mails": 0,
            "phone_views": 0,
            "views": 0
        },
        "total": {
            "calls": 0,
            "mails": 0,
            "phone_views": 0,
            "views": 0
        }
    },
    "token_type": "tag:scmcoord.com,2013:api"
}
body response {
    "access_token": "mc1x89222afac96685a6e3a326c91d102c23fe9f8ad2_v2",
    "account": {
        "account_id": "/private/accounts/11881664",
        "can_publish": true,
        "email": "test.2609@mailinator.com",
        "email_verified": true,
        "locations": [
            {
                "code": "5",
                "key": "region",
                "label": "Baja California Sur",
                "locations": [
                    {
                        "code": "53",
                        "key": "municipality",
                        "label": "La Paz"
                    }
                ]
            }
        ],
        "name": "Lara Croft",
        "phone": "1354654654",
        "phone_hidden": false,
        "professional": false,
        "rfc": "CICC850612CV6",
        "uuid": "a0a51a23-85b5-48ef-bd57-27edf97e6443"
    },
    "ad_events": {
        "24h": {
            "calls": 0,
            "mails": 0,
            "phone_views": 0,
            "views": 0
        },
        "7d": {
            "calls": 0,
            "mails": 0,
            "phone_views": 0,
            "views": 0
        },
        "total": {
            "calls": 0,
            "mails": 0,
            "phone_views": 0,
            "views": 0
        }
    },
    "token_type": "tag:scmcoord.com,2013:api"
}
Token en funcion mc1x89222afac96685a6e3a326c91d102c23fe9f8ad2_v2
/private/accounts/11881664
a0a51a23-85b5-48ef-bd57-27edf97e6443
Request method:	POST
Request URI:	https://webapi.segundamano.mx/nga/api/v1.1/private/accounts?lang=es
Proxy:			<none>
Request params:	<none>
Query params:	lang=es
Form params:	<none>
Path params:	<none>
Headers:		Authorization=Basic dGVzdC4yNjA5QG1haWxpbmF0b3IuY29tOnRlc3QwMTAxMDEwMQ==
				Accept=*/*
				Content-Type=application/x-www-form-urlencoded; charset=ISO-8859-1
Cookies:		<none>
Multiparts:		<none>
Body:			<none>
{
    "access_token": "mc1x8d59a71b348319ad170f681adf2018ffafa28c2a_v2",
    "account": {
        "account_id": "/private/accounts/11881664",
        "can_publish": true,
        "email": "test.2609@mailinator.com",
        "email_verified": true,
        "locations": [
            {
                "code": "5",
                "key": "region",
                "label": "Baja California Sur",
                "locations": [
                    {
                        "code": "53",
                        "key": "municipality",
                        "label": "La Paz"
                    }
                ]
            }
        ],
        "name": "Lara Croft",
        "phone": "1354654654",
        "phone_hidden": false,
        "professional": false,
        "rfc": "CICC850612CV6",
        "uuid": "a0a51a23-85b5-48ef-bd57-27edf97e6443"
    },
    "ad_events": {
        "24h": {
            "calls": 0,
            "mails": 0,
            "phone_views": 0,
            "views": 0
        },
        "7d": {
            "calls": 0,
            "mails": 0,
            "phone_views": 0,
            "views": 0
        },
        "total": {
            "calls": 0,
            "mails": 0,
            "phone_views": 0,
            "views": 0
        }
    },
    "token_type": "tag:scmcoord.com,2013:api"
}
body response {
    "access_token": "mc1x8d59a71b348319ad170f681adf2018ffafa28c2a_v2",
    "account": {
        "account_id": "/private/accounts/11881664",
        "can_publish": true,
        "email": "test.2609@mailinator.com",
        "email_verified": true,
        "locations": [
            {
                "code": "5",
                "key": "region",
                "label": "Baja California Sur",
                "locations": [
                    {
                        "code": "53",
                        "key": "municipality",
                        "label": "La Paz"
                    }
                ]
            }
        ],
        "name": "Lara Croft",
        "phone": "1354654654",
        "phone_hidden": false,
        "professional": false,
        "rfc": "CICC850612CV6",
        "uuid": "a0a51a23-85b5-48ef-bd57-27edf97e6443"
    },
    "ad_events": {
        "24h": {
            "calls": 0,
            "mails": 0,
            "phone_views": 0,
            "views": 0
        },
        "7d": {
            "calls": 0,
            "mails": 0,
            "phone_views": 0,
            "views": 0
        },
        "total": {
            "calls": 0,
            "mails": 0,
            "phone_views": 0,
            "views": 0
        }
    },
    "token_type": "tag:scmcoord.com,2013:api"
}
Token en funcion mc1x8d59a71b348319ad170f681adf2018ffafa28c2a_v2
/private/accounts/11881664
a0a51a23-85b5-48ef-bd57-27edf97e6443
token de funciÃ³n: mc1x8d59a71b348319ad170f681adf2018ffafa28c2a_v2
access token: mc1x8d59a71b348319ad170f681adf2018ffafa28c2a_v2
account id funciona: /private/accounts/11881664
uuid funciona: a0a51a23-85b5-48ef-bd57-27edf97e6443
Request method:	POST
Request URI:	https://webapi.segundamano.mx/addresses/v1/create
Proxy:			<none>
Request params:	<none>
Query params:	<none>
Form params:	contact=Agente ventas
				phone=1354654654
				rfc=CICC850612CV6
				zipCode=01000
				exteriorInfo=sdfsdfsf
				interiorInfo=2
				region=13
				area=151876
				alias=El trabajo
				municipality=348
Path params:	<none>
Headers:		accept=application/json, text/plain, */*
				Authorization=Basic YTBhNTFhMjMtODViNS00OGVmLWJkNTctMjdlZGY5N2U2NDQzOm1jMXg4ZDU5YTcxYjM0ODMxOWFkMTcwZjY4MWFkZjIwMThmZmFmYTI4YzJhX3Yy
				Content-Type=application/x-www-form-urlencoded; charset=ISO-8859-1
Cookies:		<none>
Multiparts:		<none>
Body:			<none>
{
    "addressID": "3918a62a-4bdf-11ed-8a03-57c22f481942"
}
Codigo de respuesta 201
body response {
    "addressID": "3918a62a-4bdf-11ed-8a03-57c22f481942"
}
address id funciona: 3918a62a-4bdf-11ed-8a03-57c22f481942
uuid funciona: a0a51a23-85b5-48ef-bd57-27edf97e6443
Request method:	PUT
Request URI:	https://webapi.segundamano.mx/addresses/v1/modify/3918a62a-4bdf-11ed-8a03-57c22f481942
Proxy:			<none>
Request params:	<none>
Query params:	<none>
Form params:	contact=Agente ventas
				phone=1354653654
				rfc=CICC850612CV6
				zipCode=01000
				exteriorInfo=sdf46546sf
				interiorInfo=2
				region=13
				area=151876
				alias=La casa
				municipality=348
Path params:	<none>
Headers:		accept=application/json, text/plain, */*
				Authorization=Basic YTBhNTFhMjMtODViNS00OGVmLWJkNTctMjdlZGY5N2U2NDQzOm1jMXg4ZDU5YTcxYjM0ODMxOWFkMTcwZjY4MWFkZjIwMThmZmFmYTI4YzJhX3Yy
				Content-Type=application/x-www-form-urlencoded; charset=ISO-8859-1
Cookies:		<none>
Multiparts:		<none>
Body:			<none>
{
    "message": "3918a62a-4bdf-11ed-8a03-57c22f481942 modified correctly"
}
Request method:	POST
Request URI:	https://webapi.segundamano.mx/nga/api/v1.1/private/accounts?lang=es
Proxy:			<none>
Request params:	<none>
Query params:	lang=es
Form params:	<none>
Path params:	<none>
Headers:		Authorization=Basic dGVzdC4yNjA5QG1haWxpbmF0b3IuY29tOnRlc3QwMTAxMDEwMQ==
				Accept=*/*
				Content-Type=application/x-www-form-urlencoded; charset=ISO-8859-1
Cookies:		<none>
Multiparts:		<none>
Body:			<none>
{
    "access_token": "mc1x0e0fefb40133aedcaf235b040e6a469f0008518a_v2",
    "account": {
        "account_id": "/private/accounts/11881664",
        "can_publish": true,
        "email": "test.2609@mailinator.com",
        "email_verified": true,
        "locations": [
            {
                "code": "5",
                "key": "region",
                "label": "Baja California Sur",
                "locations": [
                    {
                        "code": "53",
                        "key": "municipality",
                        "label": "La Paz"
                    }
                ]
            }
        ],
        "name": "Lara Croft",
        "phone": "1354654654",
        "phone_hidden": false,
        "professional": false,
        "rfc": "CICC850612CV6",
        "uuid": "a0a51a23-85b5-48ef-bd57-27edf97e6443"
    },
    "ad_events": {
        "24h": {
            "calls": 0,
            "mails": 0,
            "phone_views": 0,
            "views": 0
        },
        "7d": {
            "calls": 0,
            "mails": 0,
            "phone_views": 0,
            "views": 0
        },
        "total": {
            "calls": 0,
            "mails": 0,
            "phone_views": 0,
            "views": 0
        }
    },
    "token_type": "tag:scmcoord.com,2013:api"
}
body response {
    "access_token": "mc1x0e0fefb40133aedcaf235b040e6a469f0008518a_v2",
    "account": {
        "account_id": "/private/accounts/11881664",
        "can_publish": true,
        "email": "test.2609@mailinator.com",
        "email_verified": true,
        "locations": [
            {
                "code": "5",
                "key": "region",
                "label": "Baja California Sur",
                "locations": [
                    {
                        "code": "53",
                        "key": "municipality",
                        "label": "La Paz"
                    }
                ]
            }
        ],
        "name": "Lara Croft",
        "phone": "1354654654",
        "phone_hidden": false,
        "professional": false,
        "rfc": "CICC850612CV6",
        "uuid": "a0a51a23-85b5-48ef-bd57-27edf97e6443"
    },
    "ad_events": {
        "24h": {
            "calls": 0,
            "mails": 0,
            "phone_views": 0,
            "views": 0
        },
        "7d": {
            "calls": 0,
            "mails": 0,
            "phone_views": 0,
            "views": 0
        },
        "total": {
            "calls": 0,
            "mails": 0,
            "phone_views": 0,
            "views": 0
        }
    },
    "token_type": "tag:scmcoord.com,2013:api"
}
Token en funcion mc1x0e0fefb40133aedcaf235b040e6a469f0008518a_v2
/private/accounts/11881664
a0a51a23-85b5-48ef-bd57-27edf97e6443
token de funciÃ³n: mc1x0e0fefb40133aedcaf235b040e6a469f0008518a_v2
access token: mc1x0e0fefb40133aedcaf235b040e6a469f0008518a_v2
account id funciona: /private/accounts/11881664
uuid funciona: a0a51a23-85b5-48ef-bd57-27edf97e6443
Request method:	POST
Request URI:	https://webapi.segundamano.mx/v2/accounts/a0a51a23-85b5-48ef-bd57-27edf97e6443/up
Proxy:			<none>
Request params:	<none>
Query params:	<none>
Form params:	<none>
Path params:	<none>
Headers:		accept=application/json, text/plain, */*
				x-source=PHOENIX_DESKTOP
				accept-language=en-US,en;q=0.9
				Authorization=Basic YTBhNTFhMjMtODViNS00OGVmLWJkNTctMjdlZGY5N2U2NDQzOm1jMXgwZTBmZWZiNDAxMzNhZWRjYWYyMzViMDQwZTZhNDY5ZjAwMDg1MThhX3Yy
				Content-Type=application/json
Cookies:		<none>
Multiparts:		<none>
Body:
{
    "category": "8142",
    "subject": "Te organizo tu evento",
    "body": "trabajamos todo tipo de eventos, desde bautizos hasta bodas y divorcio.",
    "region": "5",
    "municipality": "53",
    "area": "140311",
    "price": "733",
    "phone_hidden": "true",
    "show_phone": "false",
    "contact_phone": "1354654654"
}
{
    "data": {
        "ad": {
            "ad_id": "74782403",
            "subject": "Te organizo tu evento",
            "category": {
                "code": "8142",
                "label": "Salon de eventos",
                "parent": {
                    "code": "8140",
                    "label": "Eventos",
                    "parent": {
                        "code": "8000",
                        "label": "Servicios"
                    }
                }
            },
            "region": {
                "code": "5",
                "label": "Baja California Sur"
            },
            "municipality": {
                "code": "53",
                "label": "La Paz"
            },
            "area": {
                "code": "140311",
                "label": "Centro SCT Baja California Sur"
            },
            "price": {
                "currency": "MXN",
                "value": 733
            }
        },
        "payment_info": {
            "payment_required": false,
            "title": "¡Vende más rápido con los Productos Premium!",
            "description": "Elige la opción que mejor se ajuste a tus necesidades",
            "products": [
                {
                    "id": "serv_free",
                    "name": "Anuncio básico",
                    "label": "Anuncio con exposición regular, tendrás menos visitas",
                    "description": "Anuncio con exposición regular, tendrás menos visitas",
                    "price": 0,
                    "most_popular": false,
                    "active": true,
                    "payment_methods": [
                        "pay_method_tokens"
                    ]
                },
                {
                    "id": "serv_daily",
                    "name": "Subir Diario",
                    "label": "Recibe hasta 5 veces más contactos en 7 días",
                    "description": "",
                    "price": 120,
                    "credits": 120,
                    "most_popular": false,
                    "active": true,
                    "payment_methods": [
                        "pay_method_paypal",
                        "pay_method_oxxo",
                        "pay_method_credit",
                        "pay_method_points"
                    ]
                },
                {
                    "id": "serv_premiumpackage_2",
                    "name": "Subir diario y Posición principal",
                    "label": "Recibe hasta 12 veces más contactos",
                    "description": "Sube tu anuncio todos los días durante 7 días y pon tu anuncio en la primera posición durante 3 días",
                    "price": 220,
                    "credits": 220,
                    "most_popular": true,
                    "active": true,
                    "tag": {
                        "slug": "tag_recommended",
                        "name": "RECOMENDADO"
                    },
                    "payment_methods": [
                        "pay_method_paypal",
                        "pay_method_oxxo",
                        "pay_method_credit",
                        "pay_method_points"
                    ]
                }
            ]
        }
    }
}
Codigo de respuesta 200
Request method:	POST
Request URI:	https://webapi.segundamano.mx/nga/api/v1.1/private/accounts?lang=es
Proxy:			<none>
Request params:	<none>
Query params:	lang=es
Form params:	<none>
Path params:	<none>
Headers:		Authorization=Basic dGVzdC4yNjA5QG1haWxpbmF0b3IuY29tOnRlc3QwMTAxMDEwMQ==
				Accept=*/*
				Content-Type=application/x-www-form-urlencoded; charset=ISO-8859-1
Cookies:		<none>
Multiparts:		<none>
Body:			<none>
{
    "access_token": "mc1xfadf95b2eccf9e426bf1a860929ddfd5012f799f_v2",
    "account": {
        "account_id": "/private/accounts/11881664",
        "can_publish": true,
        "email": "test.2609@mailinator.com",
        "email_verified": true,
        "locations": [
            {
                "code": "5",
                "key": "region",
                "label": "Baja California Sur",
                "locations": [
                    {
                        "code": "53",
                        "key": "municipality",
                        "label": "La Paz"
                    }
                ]
            }
        ],
        "name": "Lara Croft",
        "phone": "1354654654",
        "phone_hidden": false,
        "professional": false,
        "rfc": "CICC850612CV6",
        "uuid": "a0a51a23-85b5-48ef-bd57-27edf97e6443"
    },
    "ad_events": {
        "24h": {
            "calls": 0,
            "mails": 0,
            "phone_views": 0,
            "views": 0
        },
        "7d": {
            "calls": 0,
            "mails": 0,
            "phone_views": 0,
            "views": 0
        },
        "total": {
            "calls": 0,
            "mails": 0,
            "phone_views": 0,
            "views": 0
        }
    },
    "token_type": "tag:scmcoord.com,2013:api"
}
body response {
    "access_token": "mc1xfadf95b2eccf9e426bf1a860929ddfd5012f799f_v2",
    "account": {
        "account_id": "/private/accounts/11881664",
        "can_publish": true,
        "email": "test.2609@mailinator.com",
        "email_verified": true,
        "locations": [
            {
                "code": "5",
                "key": "region",
                "label": "Baja California Sur",
                "locations": [
                    {
                        "code": "53",
                        "key": "municipality",
                        "label": "La Paz"
                    }
                ]
            }
        ],
        "name": "Lara Croft",
        "phone": "1354654654",
        "phone_hidden": false,
        "professional": false,
        "rfc": "CICC850612CV6",
        "uuid": "a0a51a23-85b5-48ef-bd57-27edf97e6443"
    },
    "ad_events": {
        "24h": {
            "calls": 0,
            "mails": 0,
            "phone_views": 0,
            "views": 0
        },
        "7d": {
            "calls": 0,
            "mails": 0,
            "phone_views": 0,
            "views": 0
        },
        "total": {
            "calls": 0,
            "mails": 0,
            "phone_views": 0,
            "views": 0
        }
    },
    "token_type": "tag:scmcoord.com,2013:api"
}
Token en funcion mc1xfadf95b2eccf9e426bf1a860929ddfd5012f799f_v2
/private/accounts/11881664
a0a51a23-85b5-48ef-bd57-27edf97e6443
token de funciÃ³n: mc1xfadf95b2eccf9e426bf1a860929ddfd5012f799f_v2
access token: mc1xfadf95b2eccf9e426bf1a860929ddfd5012f799f_v2
account id funciona: /private/accounts/11881664
uuid funciona: a0a51a23-85b5-48ef-bd57-27edf97e6443
Request method:	POST
Request URI:	https://webapi.segundamano.mx/addresses/v1/create
Proxy:			<none>
Request params:	<none>
Query params:	<none>
Form params:	contact=Agente ventas
				phone=1354654654
				rfc=CICC850612CV6
				zipCode=01000
				exteriorInfo=sdfsdfsf
				interiorInfo=2
				region=13
				area=151876
				alias=El trabajo
				municipality=348
Path params:	<none>
Headers:		accept=application/json, text/plain, */*
				Authorization=Basic YTBhNTFhMjMtODViNS00OGVmLWJkNTctMjdlZGY5N2U2NDQzOm1jMXhmYWRmOTViMmVjY2Y5ZTQyNmJmMWE4NjA5MjlkZGZkNTAxMmY3OTlmX3Yy
				Content-Type=application/x-www-form-urlencoded; charset=ISO-8859-1
Cookies:		<none>
Multiparts:		<none>
Body:			<none>
{
    "addressID": "7ec6ab9e-4be0-11ed-8863-87a18c98981c"
}
Codigo de respuesta 201
body response {
    "addressID": "7ec6ab9e-4be0-11ed-8863-87a18c98981c"
}
Request method:	POST
Request URI:	https://webapi.segundamano.mx/urls/v1/public/ad-listing?lang=es
Proxy:			<none>
Request params:	<none>
Query params:	lang=es
Form params:	<none>
Path params:	<none>
Headers:		accept=application/json, text/plain, */*
				Content-Type=application/json
Cookies:		<none>
Multiparts:		<none>
Body:
{
    "filters": [
        {
            "price": "-60000",
            "category": "2021"
        },
        {
            "price": "60000-80000",
            "category": "2021"
        },
        {
            "price": "80000-100000",
            "category": "2021"
        },
        {
            "price": "100000-150000",
            "category": "2021"
        },
        {
            "price": "160000-",
            "category": "2021"
        }
    ]
}
{
    "data": {
        "urls": [
            "/anuncios/mexico/autos?precio=-60000",
            "/anuncios/mexico/autos?precio=60000-80000",
            "/anuncios/mexico/autos?precio=80000-100000",
            "/anuncios/mexico/autos?precio=100000-150000",
            "/anuncios/mexico/autos?precio=160000-"
        ]
    }
}
body response {
    "data": {
        "urls": [
            "/anuncios/mexico/autos?precio=-60000",
            "/anuncios/mexico/autos?precio=60000-80000",
            "/anuncios/mexico/autos?precio=80000-100000",
            "/anuncios/mexico/autos?precio=100000-150000",
            "/anuncios/mexico/autos?precio=160000-"
        ]
    }
}
Request method:	POST
Request URI:	https://webapi.segundamano.mx/nga/api/v1.1/private/accounts?lang=es
Proxy:			<none>
Request params:	<none>
Query params:	lang=es
Form params:	<none>
Path params:	<none>
Headers:		Authorization=Basic dGVzdC4yNjA5QG1haWxpbmF0b3IuY29tOnRlc3QwMTAxMDEwMQ==
				Accept=*/*
				Content-Type=application/x-www-form-urlencoded; charset=ISO-8859-1
Cookies:		<none>
Multiparts:		<none>
Body:			<none>
{
    "access_token": "mc1x52dd94b7c198a4fc30de363b0d6586418e025754_v2",
    "account": {
        "account_id": "/private/accounts/11881664",
        "can_publish": true,
        "email": "test.2609@mailinator.com",
        "email_verified": true,
        "locations": [
            {
                "code": "5",
                "key": "region",
                "label": "Baja California Sur",
                "locations": [
                    {
                        "code": "53",
                        "key": "municipality",
                        "label": "La Paz"
                    }
                ]
            }
        ],
        "name": "Lara Croft",
        "phone": "1354654654",
        "phone_hidden": false,
        "professional": false,
        "rfc": "CICC850612CV6",
        "uuid": "a0a51a23-85b5-48ef-bd57-27edf97e6443"
    },
    "ad_events": {
        "24h": {
            "calls": 0,
            "mails": 0,
            "phone_views": 0,
            "views": 0
        },
        "7d": {
            "calls": 0,
            "mails": 0,
            "phone_views": 0,
            "views": 0
        },
        "total": {
            "calls": 0,
            "mails": 0,
            "phone_views": 0,
            "views": 0
        }
    },
    "token_type": "tag:scmcoord.com,2013:api"
}
body response {
    "access_token": "mc1x52dd94b7c198a4fc30de363b0d6586418e025754_v2",
    "account": {
        "account_id": "/private/accounts/11881664",
        "can_publish": true,
        "email": "test.2609@mailinator.com",
        "email_verified": true,
        "locations": [
            {
                "code": "5",
                "key": "region",
                "label": "Baja California Sur",
                "locations": [
                    {
                        "code": "53",
                        "key": "municipality",
                        "label": "La Paz"
                    }
                ]
            }
        ],
        "name": "Lara Croft",
        "phone": "1354654654",
        "phone_hidden": false,
        "professional": false,
        "rfc": "CICC850612CV6",
        "uuid": "a0a51a23-85b5-48ef-bd57-27edf97e6443"
    },
    "ad_events": {
        "24h": {
            "calls": 0,
            "mails": 0,
            "phone_views": 0,
            "views": 0
        },
        "7d": {
            "calls": 0,
            "mails": 0,
            "phone_views": 0,
            "views": 0
        },
        "total": {
            "calls": 0,
            "mails": 0,
            "phone_views": 0,
            "views": 0
        }
    },
    "token_type": "tag:scmcoord.com,2013:api"
}
Token en funcion mc1x52dd94b7c198a4fc30de363b0d6586418e025754_v2
/private/accounts/11881664
a0a51a23-85b5-48ef-bd57-27edf97e6443
Request method:	POST
Request URI:	https://webapi.segundamano.mx/nga/api/v1.1/private/accounts?lang=es
Proxy:			<none>
Request params:	<none>
Query params:	lang=es
Form params:	<none>
Path params:	<none>
Headers:		Authorization=Basic dGVzdC4yNjA5QG1haWxpbmF0b3IuY29tOnRlc3QwMTAxMDEwMQ==
				Accept=*/*
				Content-Type=application/x-www-form-urlencoded; charset=ISO-8859-1
Cookies:		<none>
Multiparts:		<none>
Body:			<none>
{
    "access_token": "mc1x40d4a9916601d559f16ff736e37584fe2f800bf4_v2",
    "account": {
        "account_id": "/private/accounts/11881664",
        "can_publish": true,
        "email": "test.2609@mailinator.com",
        "email_verified": true,
        "locations": [
            {
                "code": "5",
                "key": "region",
                "label": "Baja California Sur",
                "locations": [
                    {
                        "code": "53",
                        "key": "municipality",
                        "label": "La Paz"
                    }
                ]
            }
        ],
        "name": "Lara Croft",
        "phone": "1354654654",
        "phone_hidden": false,
        "professional": false,
        "rfc": "CICC850612CV6",
        "uuid": "a0a51a23-85b5-48ef-bd57-27edf97e6443"
    },
    "ad_events": {
        "24h": {
            "calls": 0,
            "mails": 0,
            "phone_views": 0,
            "views": 0
        },
        "7d": {
            "calls": 0,
            "mails": 0,
            "phone_views": 0,
            "views": 0
        },
        "total": {
            "calls": 0,
            "mails": 0,
            "phone_views": 0,
            "views": 0
        }
    },
    "token_type": "tag:scmcoord.com,2013:api"
}
body response {
    "access_token": "mc1x40d4a9916601d559f16ff736e37584fe2f800bf4_v2",
    "account": {
        "account_id": "/private/accounts/11881664",
        "can_publish": true,
        "email": "test.2609@mailinator.com",
        "email_verified": true,
        "locations": [
            {
                "code": "5",
                "key": "region",
                "label": "Baja California Sur",
                "locations": [
                    {
                        "code": "53",
                        "key": "municipality",
                        "label": "La Paz"
                    }
                ]
            }
        ],
        "name": "Lara Croft",
        "phone": "1354654654",
        "phone_hidden": false,
        "professional": false,
        "rfc": "CICC850612CV6",
        "uuid": "a0a51a23-85b5-48ef-bd57-27edf97e6443"
    },
    "ad_events": {
        "24h": {
            "calls": 0,
            "mails": 0,
            "phone_views": 0,
            "views": 0
        },
        "7d": {
            "calls": 0,
            "mails": 0,
            "phone_views": 0,
            "views": 0
        },
        "total": {
            "calls": 0,
            "mails": 0,
            "phone_views": 0,
            "views": 0
        }
    },
    "token_type": "tag:scmcoord.com,2013:api"
}
Token en funcion mc1x40d4a9916601d559f16ff736e37584fe2f800bf4_v2
/private/accounts/11881664
a0a51a23-85b5-48ef-bd57-27edf97e6443
token de funciÃ³n: mc1x40d4a9916601d559f16ff736e37584fe2f800bf4_v2
access token: mc1x40d4a9916601d559f16ff736e37584fe2f800bf4_v2
account id funciona: /private/accounts/11881664
uuid funciona: a0a51a23-85b5-48ef-bd57-27edf97e6443
Request method:	POST
Request URI:	https://webapi.segundamano.mx/addresses/v1/create
Proxy:			<none>
Request params:	<none>
Query params:	<none>
Form params:	contact=Agente ventas
				phone=1354654654
				rfc=CICC850612CV6
				zipCode=01000
				exteriorInfo=sdfsdfsf
				interiorInfo=2
				region=13
				area=151876
				alias=El trabajo
				municipality=348
Path params:	<none>
Headers:		accept=application/json, text/plain, */*
				Authorization=Basic YTBhNTFhMjMtODViNS00OGVmLWJkNTctMjdlZGY5N2U2NDQzOm1jMXg0MGQ0YTk5MTY2MDFkNTU5ZjE2ZmY3MzZlMzc1ODRmZTJmODAwYmY0X3Yy
				Content-Type=application/x-www-form-urlencoded; charset=ISO-8859-1
Cookies:		<none>
Multiparts:		<none>
Body:			<none>
{
    "addressID": "7ffdf1fc-4be0-11ed-92eb-27e627ab9b95"
}
Codigo de respuesta 201
body response {
    "addressID": "7ffdf1fc-4be0-11ed-92eb-27e627ab9b95"
}
uuid funciona: a0a51a23-85b5-48ef-bd57-27edf97e6443
Request method:	DELETE
Request URI:	https://webapi.segundamano.mx/addresses/v1/delete/7ffdf1fc-4be0-11ed-92eb-27e627ab9b95
Proxy:			<none>
Request params:	<none>
Query params:	<none>
Form params:	<none>
Path params:	<none>
Headers:		accept=application/json, text/plain, */*
				Authorization=Basic YTBhNTFhMjMtODViNS00OGVmLWJkNTctMjdlZGY5N2U2NDQzOm1jMXg0MGQ0YTk5MTY2MDFkNTU5ZjE2ZmY3MzZlMzc1ODRmZTJmODAwYmY0X3Yy
Cookies:		<none>
Multiparts:		<none>
Body:			<none>
{
    "message": "7ffdf1fc-4be0-11ed-92eb-27e627ab9b95 deleted correctly"
}
Request method:	GET
Request URI:	https://webapi.segundamano.mx/nga/api/v1.1/public/categories/filter?lang=es
Proxy:			<none>
Request params:	<none>
Query params:	lang=es
Form params:	<none>
Path params:	<none>
Headers:		accept=application/json, text/plain, */*
Cookies:		<none>
Multiparts:		<none>
Body:			<none>
{
    "all_categories": {
        "color": "FFFFFF",
        "icon": "http://www.segundamano.mx/img/nga/todas_las_categorias.png",
        "label": "Todas las categorías"
    },
    "categories": [
        {
            "all_label": "Todas de la categoría",
            "categories": [
                {
                    "all_label": "Todas de la categoría",
                    "code": "1020",
                    "filter_value": {
                        "keys": [
                            "category"
                        ],
                        "values": [
                            "1020"
                        ]
                    },
                    "label": "Venta inmuebles"
                },
                {
                    "all_label": "Todas de la categoría",
                    "code": "1040",
                    "filter_value": {
                        "keys": [
                            "category"
                        ],
                        "values": [
                            "1040"
                        ]
                    },
                    "label": "Renta inmuebles"
                },
                {
                    "all_label": "Todas de la categoría",
                    "code": "1060",
                    "filter_value": {
                        "keys": [
                            "category"
                        ],
                        "values": [
                            "1060"
                        ]
                    },
                    "label": "Traspasos"
                },
                {
                    "all_label": "Todas de la categoría",
                    "code": "1080",
                    "filter_value": {
                        "keys": [
                            "category"
                        ],
                        "values": [
                            "1080"
                        ]
                    },
                    "label": "Rentas vacacionales"
                },
                {
                    "all_label": "Todas de la categoría",
                    "code": "1100",
                    "filter_value": {
                        "keys": [
                            "category"
                        ],
                        "values": [
                            "1100"
                        ]
                    },
                    "label": "Desarrollos inmobiliarios"
                }
            ],
            "code": "1000",
            "color": "FDE8DE",
            "filter_value": {
                "keys": [
                    "category"
                ],
                "values": [
                    "1000"
                ]
            },
            "icon": "http://www.segundamano.mx/img/nga/inmuebles.png",
            "label": "Inmuebles"
        },
        {
            "all_label": "Todas de la categoría",
            "categories": [
                {
                    "all_label": "Todas de la categoría",
                    "categories": [
                        {
                            "code": "2021",
                            "filter_value": {
                                "keys": [
                                    "category"
                                ],
                                "values": [
                                    "2021"
                                ]
                            },
                            "label": "Autos"
                        },
                        {
                            "code": "2022",
                            "filter_value": {
                                "keys": [
                                    "category"
                                ],
                                "values": [
                                    "2022"
                                ]
                            },
                            "label": "Suv, Jeep y Van"
                        },
                        {
                            "code": "2023",
                            "filter_value": {
                                "keys": [
                                    "category"
                                ],
                                "values": [
                                    "2023"
                                ]
                            },
                            "label": "Pick up"
                        }
                    ],
                    "code": "2020",
                    "filter_value": {
                        "keys": [
                            "category"
                        ],
                        "values": [
                            "2020"
                        ]
                    },
                    "label": "Automóviles y camionetas"
                },
                {
                    "all_label": "Todas de la categoría",
                    "code": "2040",
                    "filter_value": {
                        "keys": [
                            "category"
                        ],
                        "values": [
                            "2040"
                        ]
                    },
                    "label": "Motocicletas"
                },
                {
                    "all_label": "Todas de la categoría",
                    "categories": [
                        {
                            "code": "2121",
                            "filter_value": {
                                "keys": [
                                    "category"
                                ],
                                "values": [
                                    "2121"
                                ]
                            },
                            "label": "Autoestereos y sonido"
                        },
                        {
                            "code": "2122",
                            "filter_value": {
                                "keys": [
                                    "category"
                                ],
                                "values": [
                                    "2122"
                                ]
                            },
                            "label": "Refacciones y otras"
                        },
                        {
                            "code": "2123",
                            "filter_value": {
                                "keys": [
                                    "category"
                                ],
                                "values": [
                                    "2123"
                                ]
                            },
                            "label": "Rines y llantas"
                        },
                        {
                            "code": "2124",
                            "filter_value": {
                                "keys": [
                                    "category"
                                ],
                                "values": [
                                    "2124"
                                ]
                            },
                            "label": "Remolques y cajas secas"
                        }
                    ],
                    "code": "2120",
                    "filter_value": {
                        "keys": [
                            "category"
                        ],
                        "values": [
                            "2120"
                        ]
                    },
                    "label": "Accesorios y piezas"
                },
                {
                    "all_label": "Todas de la categoría",
                    "code": "2080",
                    "filter_value": {
                        "keys": [
                            "category"
                        ],
                        "values": [
                            "2080"
                        ]
                    },
                    "label": "Camiones, comerciales y casas rodantes"
                },
                {
                    "all_label": "Todas de la categoría",
                    "code": "2060",
                    "filter_value": {
                        "keys": [
                            "category"
                        ],
                        "values": [
                            "2060"
                        ]
                    },
                    "label": "Náutica y aéreos"
                }
            ],
            "code": "2000",
            "color": "E1E1E1",
            "filter_value": {
                "keys": [
                    "category"
                ],
                "values": [
                    "2000"
                ]
            },
            "icon": "http://www.segundamano.mx/img/nga/vehiculos.png",
            "label": "Vehículos"
        },
        {
            "all_label": "Todas de la categoría",
            "categories": [
                {
                    "all_label": "Todas de la categoría",
                    "categories": [
                        {
                            "code": "5041",
                            "filter_value": {
                                "keys": [
                                    "category"
                                ],
                                "values": [
                                    "5041"
                                ]
                            },
                            "label": "Telefonía"
                        },
                        {
                            "code": "5042",
                            "filter_value": {
                                "keys": [
                                    "category"
                                ],
                                "values": [
                                    "5042"
                                ]
                            },
                            "label": "Accesorios"
                        }
                    ],
                    "code": "5040",
                    "filter_value": {
                        "keys": [
                            "category"
                        ],
                        "values": [
                            "5040"
                        ]
                    },
                    "label": "Celulares y teléfonos"
                },
                {
                    "all_label": "Todas de la categoría",
                    "code": "5080",
                    "filter_value": {
                        "keys": [
                            "category"
                        ],
                        "values": [
                            "5080"
                        ]
                    },
                    "label": "Audio, tv, video y fotografía"
                },
                {
                    "all_label": "Todas de la categoría",
                    "categories": [
                        {
                            "code": "5021",
                            "filter_value": {
                                "keys": [
                                    "category"
                                ],
                                "values": [
                                    "5021"
                                ]
                            },
                            "label": "Laptops, PC y tabletas"
                        },
                        {
                            "code": "5022",
                            "filter_value": {
                                "keys": [
                                    "category"
                                ],
                                "values": [
                                    "5022"
                                ]
                            },
                            "label": "Accesorios, juegos y programas"
                        }
                    ],
                    "code": "5020",
                    "filter_value": {
                        "keys": [
                            "category"
                        ],
                        "values": [
                            "5020"
                        ]
                    },
                    "label": "Computadoras y accesorios"
                },
                {
                    "all_label": "Todas de la categoría",
                    "code": "5060",
                    "filter_value": {
                        "keys": [
                            "category"
                        ],
                        "values": [
                            "5060"
                        ]
                    },
                    "label": "Consolas y videojuegos"
                }
            ],
            "code": "5000",
            "color": "8ECBCD",
            "filter_value": {
                "keys": [
                    "category"
                ],
                "values": [
                    "5000"
                ]
            },
            "icon": "http://www.segundamano.mx/img/nga/computadoras_y_electronica.png",
            "label": "Computación y electrónica"
        },
        {
            "all_label": "Todas de la categoría",
            "categories": [
                {
                    "all_label": "Todas de la categoría",
                    "categories": [
                        {
                            "code": "3041",
                            "filter_value": {
                                "keys": [
                                    "category"
                                ],
                                "values": [
                                    "3041"
                                ]
                            },
                            "label": "Ventilación y calefacción"
                        },
                        {
                            "code": "3042",
                            "filter_value": {
                                "keys": [
                                    "category"
                                ],
                                "values": [
                                    "3042"
                                ]
                            },
                            "label": "Utensilios de cocina"
                        },
                        {
                            "code": "3043",
                            "filter_value": {
                                "keys": [
                                    "category"
                                ],
                                "values": [
                                    "3043"
                                ]
                            },
                            "label": "Electrodomésticos y línea blanca"
                        },
                        {
                            "code": "3044",
                            "filter_value": {
                                "keys": [
                                    "category"
                                ],
                                "values": [
                                    "3044"
                                ]
                            },
                            "label": "Blancos, organización y limpieza"
                        }
                    ],
                    "code": "3040",
                    "filter_value": {
                        "keys": [
                            "category"
                        ],
                        "values": [
                            "3040"
                        ]
                    },
                    "label": "Todo para tu casa"
                },
                {
                    "all_label": "Todas de la categoría",
                    "code": "3020",
                    "filter_value": {
                        "keys": [
                            "category"
                        ],
                        "values": [
                            "3020"
                        ]
                    },
                    "label": "Jardín, herramientas y exteriores"
                },
                {
                    "all_label": "Todas de la categoría",
                    "categories": [
                        {
                            "code": "3061",
                            "filter_value": {
                                "keys": [
                                    "category"
                                ],
                                "values": [
                                    "3061"
                                ]
                            },
                            "label": "Vestidos, faldas, trajes"
                        },
                        {
                            "code": "3062",
                            "filter_value": {
                                "keys": [
                                    "category"
                                ],
                                "values": [
                                    "3062"
                                ]
                            },
                            "label": "Zapatos"
                        },
                        {
                            "code": "3063",
                            "filter_value": {
                                "keys": [
                                    "category"
                                ],
                                "values": [
                                    "3063"
                                ]
                            },
                            "label": "Playeras y camisas"
                        },
                        {
                            "code": "3064",
                            "filter_value": {
                                "keys": [
                                    "category"
                                ],
                                "values": [
                                    "3064"
                                ]
                            },
                            "label": "Pantalones y shorts"
                        },
                        {
                            "code": "3065",
                            "filter_value": {
                                "keys": [
                                    "category"
                                ],
                                "values": [
                                    "3065"
                                ]
                            },
                            "label": "Sweaters, abrigos y chamarras"
                        },
                        {
                            "code": "3066",
                            "filter_value": {
                                "keys": [
                                    "category"
                                ],
                                "values": [
                                    "3066"
                                ]
                            },
                            "label": "Otras prendas de vestir"
                        }
                    ],
                    "code": "3060",
                    "filter_value": {
                        "keys": [
                            "category"
                        ],
                        "values": [
                            "3060"
                        ]
                    },
                    "label": "Ropa y calzado"
                },
                {
                    "all_label": "Todas de la categoría",
                    "categories": [
                        {
                            "code": "3101",
                            "filter_value": {
                                "keys": [
                                    "category"
                                ],
                                "values": [
                                    "3101"
                                ]
                            },
                            "label": "Ropa, calzado y accesorios"
                        },
                        {
                            "code": "3102",
                            "filter_value": {
                                "keys": [
                                    "category"
                                ],
                                "values": [
                                    "3102"
                                ]
                            },
                            "label": "Juguetes"
                        },
                        {
                            "code": "3103",
                            "filter_value": {
                                "keys": [
                                    "category"
                                ],
                                "values": [
                                    "3103"
                                ]
                            },
                            "label": "Sillas y carriolas"
                        },
                        {
                            "code": "3104",
                            "filter_value": {
                                "keys": [
                                    "category"
                                ],
[...]
            "thumbnail": {
                "base_url": "https://img.segundamano.mx",
                "height": 600,
                "media_id": "1345be64-e36b-42c1-81df-a735795e7a97",
                "path": "shops/1345be64-e36b-42c1-81df-a735795e7a97.jpg",
                "width": 661
            },
            "cover": {
                "base_url": "https://img.segundamano.mx",
                "height": 600,
                "media_id": "e36a167a-a8de-4569-b1ba-56d45b7590d1",
                "path": "shops/e36a167a-a8de-4569-b1ba-56d45b7590d1.jpg",
                "width": 1332
            }
        },
        {
            "id": 7507,
            "ad_ids": [
                932809652,
                932812178,
                932820345,
                932824668,
                932887117
            ],
            "ads_counter": 12868,
            "category": {
                "code": "1000"
            },
            "locations": [
                {
                    "code": "11",
                    "key": "region",
                    "locations": [
                        {
                            "code": "300",
                            "key": "municipality"
                        }
                    ]
                }
            ],
            "name": "Remates Bancarios Corporativo Juridico"
        },
        {
            "id": 6785,
            "ad_ids": [
                933805672,
                933805691,
                933805706,
                933805754,
                933805802
            ],
            "ads_counter": 9696,
            "category": {
                "code": "1000"
            },
            "locations": [
                {
                    "code": "11",
                    "key": "region",
                    "locations": [
                        {
                            "code": "300",
                            "key": "municipality"
                        }
                    ]
                }
            ],
            "name": "Loft México",
            "thumbnail": {
                "base_url": "https://img.segundamano.mx",
                "height": 350,
                "media_id": "cb65cc2a-a405-40ef-a259-caf83f04c2e7",
                "path": "shops/cb65cc2a-a405-40ef-a259-caf83f04c2e7.jpg",
                "width": 350
            },
            "cover": {
                "base_url": "https://img.segundamano.mx",
                "height": 350,
                "media_id": "0382306a-2d72-44ff-bef8-2338058d3e0f",
                "path": "shops/0382306a-2d72-44ff-bef8-2338058d3e0f.jpg",
                "width": 1132
            }
        },
        {
            "id": 10550,
            "ad_ids": [
                935250015,
                935330757,
                935330783,
                935330865,
                935330933
            ],
            "ads_counter": 6864,
            "category": {
                "code": "1000"
            },
            "locations": [
                {
                    "code": "11",
                    "key": "region",
                    "locations": [
                        {
                            "code": "300",
                            "key": "municipality"
                        }
                    ]
                }
            ],
            "name": "Aire y Acero"
        },
        {
            "id": 10342,
            "ad_ids": [
                934402151,
                934430622,
                934430796,
                934430958,
                934431930
            ],
            "ads_counter": 6859,
            "category": {
                "code": "1000"
            },
            "locations": [
                {
                    "code": "11",
                    "key": "region",
                    "locations": [
                        {
                            "code": "300",
                            "key": "municipality"
                        }
                    ]
                }
            ],
            "name": "CH Inversiones Inmobiliarias",
            "thumbnail": {
                "base_url": "https://img.segundamano.mx",
                "height": 617,
                "media_id": "27b23b5e-953a-455a-b55c-b8699cbd19be",
                "path": "shops/27b23b5e-953a-455a-b55c-b8699cbd19be.jpg",
                "width": 600
            },
            "cover": {
                "base_url": "https://img.segundamano.mx",
                "height": 600,
                "media_id": "d93000fa-da9a-4708-9fd7-140f4be237e1",
                "path": "shops/d93000fa-da9a-4708-9fd7-140f4be237e1.jpg",
                "width": 1940
            }
        },
        {
            "id": 9522,
            "ad_ids": [
                933449728,
                933468438,
                933477148,
                933477225,
                933477286
            ],
            "ads_counter": 5972,
            "category": {
                "code": "1000"
            },
            "locations": [
                {
                    "code": "11",
                    "key": "region",
                    "locations": [
                        {
                            "code": "298",
                            "key": "municipality"
                        }
                    ]
                }
            ],
            "name": "Remates Bancarios de México"
        },
        {
            "id": 10250,
            "ad_ids": [
                934204051,
                934204057,
                934204065,
                934204066,
                934204069
            ],
            "ads_counter": 5738,
            "category": {
                "code": "1000"
            },
            "locations": [
                {
                    "code": "11",
                    "key": "region",
                    "locations": [
                        {
                            "code": "290",
                            "key": "municipality"
                        }
                    ]
                }
            ],
            "name": "AIR Network de Asesores Inmobiliarios"
        },
        {
            "id": 6457,
            "ad_ids": [
                928536056,
                928536554,
                928591117,
                928591167,
                928591251
            ],
            "ads_counter": 5509,
            "category": {
                "code": "2000"
            },
            "locations": [
                {
                    "code": "11",
                    "key": "region",
                    "locations": [
                        {
                            "code": "298",
                            "key": "municipality"
                        }
                    ]
                }
            ],
            "name": "Yenko",
            "thumbnail": {
                "base_url": "https://img.segundamano.mx",
                "height": 600,
                "media_id": "34cb34b8-ac98-4dc9-bd60-f784e64f79c2",
                "path": "shops/34cb34b8-ac98-4dc9-bd60-f784e64f79c2.jpg",
                "width": 875
            },
            "cover": {
                "base_url": "https://img.segundamano.mx",
                "height": 600,
                "media_id": "afb415c1-6ebc-4c6b-9b5b-2dc69f7ba2e3",
                "path": "shops/afb415c1-6ebc-4c6b-9b5b-2dc69f7ba2e3.jpg",
                "width": 1049
            }
        },
        {
            "id": 9450,
            "ad_ids": [
                933173872,
                933195539,
                933285976,
                933324849,
                933395176
            ],
            "ads_counter": 4972,
            "category": {
                "code": "1000"
            },
            "locations": [
                {
                    "code": "11",
                    "key": "region",
                    "locations": [
                        {
                            "code": "292",
                            "key": "municipality"
                        }
                    ]
                }
            ],
            "name": "Remates de Casas Worbis",
            "thumbnail": {
                "base_url": "https://img.segundamano.mx",
                "height": 604,
                "media_id": "ff4df562-7a06-47cf-8e84-4caef108201f",
                "path": "shops/ff4df562-7a06-47cf-8e84-4caef108201f.jpg",
                "width": 600
            },
            "cover": {
                "base_url": "https://img.segundamano.mx",
                "height": 600,
                "media_id": "53b3dc66-82b5-46b7-b1a7-5d498534beae",
                "path": "shops/53b3dc66-82b5-46b7-b1a7-5d498534beae.jpg",
                "width": 1463
            }
        },
        {
            "id": 5703,
            "ad_ids": [
                933517879,
                933517892,
                933517897,
                933517909,
                933517913
            ],
            "ads_counter": 4671,
            "category": {
                "code": "1000"
            },
            "locations": [
                {
                    "code": "11",
                    "key": "region",
                    "locations": [
                        {
                            "code": "295",
                            "key": "municipality"
                        }
                    ]
                }
            ],
            "name": "Neximo",
            "thumbnail": {
                "base_url": "https://img.segundamano.mx",
                "height": 600,
                "media_id": "d6093ea4-a11f-4af1-bcba-5284d1a02c8b",
                "path": "shops/d6093ea4-a11f-4af1-bcba-5284d1a02c8b.jpg",
                "width": 600
            },
            "cover": {
                "base_url": "https://img.segundamano.mx",
                "height": 600,
                "media_id": "faf9d0eb-0390-46dc-a2e7-79d6962ec226",
                "path": "shops/faf9d0eb-0390-46dc-a2e7-79d6962ec226.jpg",
                "width": 600
            }
        },
        {
            "id": 12032,
            "ad_ids": [
                938820342,
                938820344,
                938820345,
                938820347,
                938820349
            ],
            "ads_counter": 3727,
            "category": {
                "code": "1000"
            },
            "locations": [
                {
                    "code": "25",
                    "key": "region",
                    "locations": [
                        {
                            "code": "1825",
                            "key": "municipality"
                        }
                    ]
                }
            ],
            "name": "Caribbean Realtors",
            "thumbnail": {
                "base_url": "https://img.segundamano.mx",
                "height": 350,
                "media_id": "8962dee9-d6dc-4cb3-954f-abd441df78da",
                "path": "shops/8962dee9-d6dc-4cb3-954f-abd441df78da.jpg",
                "width": 509
            },
            "cover": {
                "base_url": "https://img.segundamano.mx",
                "height": 350,
                "media_id": "8e6fb5bb-0f74-4f43-b7ec-a05b2809ea77",
                "path": "shops/8e6fb5bb-0f74-4f43-b7ec-a05b2809ea77.jpg",
                "width": 509
            }
        },
        {
            "id": 6516,
            "ad_ids": [
                926702718,
                926703769,
                926709483,
                926709733,
                926709926
            ],
            "ads_counter": 3536,
            "category": {
                "code": "2000"
            },
            "locations": [
                {
                    "code": "17",
                    "key": "region",
                    "locations": [
                        {
                            "code": "732",
                            "key": "municipality"
                        }
                    ]
                }
            ],
            "name": "Comercializadora Automotriz y Servicios Grupo \"E\" S.A. de C.V.",
            "thumbnail": {
                "base_url": "https://img.segundamano.mx",
                "height": 600,
                "media_id": "1a9e231d-98c5-4244-b54a-ae149f405546",
                "path": "shops/1a9e231d-98c5-4244-b54a-ae149f405546.jpg",
                "width": 1098
            },
            "cover": {
                "base_url": "https://img.segundamano.mx",
                "height": 600,
                "media_id": "46e66e02-e5db-4bdc-b02b-812f6e2730d1",
                "path": "shops/46e66e02-e5db-4bdc-b02b-812f6e2730d1.jpg",
                "width": 1988
            }
        },
        {
            "id": 2682,
            "ad_ids": [
                904100640,
                905288671,
                909767802,
                910056022,
                910313342
            ],
            "ads_counter": 3050,
            "category": {
                "code": "3000"
            },
            "locations": [
                {
                    "code": "11",
                    "key": "region",
                    "locations": [
                        {
                            "code": "298",
                            "key": "municipality"
                        }
                    ]
                }
            ],
            "name": "DISTRIBUIDORA & BODEGA DE MUEBLES & COLCHÓNES",
            "thumbnail": {
                "base_url": "https://img.segundamano.mx",
                "height": 1119,
                "media_id": "5d18d39e-f84e-475a-a715-c903286fa346",
                "path": "shops/5d18d39e-f84e-475a-a715-c903286fa346.jpg",
                "width": 1080
            },
            "cover": {
                "base_url": "https://img.segundamano.mx",
                "height": 1119,
                "media_id": "a434db06-3b6f-4ff1-ae5f-c02091d4e2c8",
                "path": "shops/a434db06-3b6f-4ff1-ae5f-c02091d4e2c8.jpg",
                "width": 1080
            }
        },
        {
            "id": 6548,
            "ad_ids": [
                928896047,
                928896053,
                928896058,
                928896076,
                928896079
            ],
            "ads_counter": 2909,
            "category": {
                "code": "1000"
            },
            "locations": [
                {
                    "code": "11",
                    "key": "region",
                    "locations": [
                        {
                            "code": "300",
                            "key": "municipality"
                        }
                    ]
                }
            ],
            "name": "E-Inmob",
            "thumbnail": {
                "base_url": "https://img.segundamano.mx",
                "height": 600,
                "media_id": "85d904da-b403-42af-944f-fc55429649ef",
                "path": "shops/85d904da-b403-42af-944f-fc55429649ef.jpg",
                "width": 920
            },
            "cover": {
                "base_url": "https://img.segundamano.mx",
                "height": 600,
                "media_id": "0b545528-fa17-4a16-b24e-dcc3e880c020",
                "path": "shops/0b545528-fa17-4a16-b24e-dcc3e880c020.jpg",
                "width": 1546
            }
        }
    ]
}
Request method:	POST
Request URI:	https://webapi.segundamano.mx/nga/api/v1.1/private/accounts?lang=es
Proxy:			<none>
Request params:	<none>
Query params:	lang=es
Form params:	<none>
Path params:	<none>
Headers:		Authorization=Basic dGVzdC4yNjA5QG1haWxpbmF0b3IuY29tOnRlc3QwMTAxMDEwMQ==
				Accept=*/*
				Content-Type=application/x-www-form-urlencoded; charset=ISO-8859-1
Cookies:		<none>
Multiparts:		<none>
Body:			<none>
{
    "access_token": "mc1x3236fe0c2b23c8ef01fa3b4f6e4ceeeba3b2e3c7_v2",
    "account": {
        "account_id": "/private/accounts/11881664",
        "can_publish": true,
        "email": "test.2609@mailinator.com",
        "email_verified": true,
        "locations": [
            {
                "code": "5",
                "key": "region",
                "label": "Baja California Sur",
                "locations": [
                    {
                        "code": "53",
                        "key": "municipality",
                        "label": "La Paz"
                    }
                ]
            }
        ],
        "name": "Lara Croft",
        "phone": "1354654654",
        "phone_hidden": false,
        "professional": false,
        "rfc": "CICC850612CV6",
        "uuid": "a0a51a23-85b5-48ef-bd57-27edf97e6443"
    },
    "ad_events": {
        "24h": {
            "calls": 0,
            "mails": 0,
            "phone_views": 0,
            "views": 0
        },
        "7d": {
            "calls": 0,
            "mails": 0,
            "phone_views": 0,
            "views": 0
        },
        "total": {
            "calls": 0,
            "mails": 0,
            "phone_views": 0,
            "views": 0
        }
    },
    "token_type": "tag:scmcoord.com,2013:api"
}
body response {
    "access_token": "mc1x3236fe0c2b23c8ef01fa3b4f6e4ceeeba3b2e3c7_v2",
    "account": {
        "account_id": "/private/accounts/11881664",
        "can_publish": true,
        "email": "test.2609@mailinator.com",
        "email_verified": true,
        "locations": [
            {
                "code": "5",
                "key": "region",
                "label": "Baja California Sur",
                "locations": [
                    {
                        "code": "53",
                        "key": "municipality",
                        "label": "La Paz"
                    }
                ]
            }
        ],
        "name": "Lara Croft",
        "phone": "1354654654",
        "phone_hidden": false,
        "professional": false,
        "rfc": "CICC850612CV6",
        "uuid": "a0a51a23-85b5-48ef-bd57-27edf97e6443"
    },
    "ad_events": {
        "24h": {
            "calls": 0,
            "mails": 0,
            "phone_views": 0,
            "views": 0
        },
        "7d": {
            "calls": 0,
            "mails": 0,
            "phone_views": 0,
            "views": 0
        },
        "total": {
            "calls": 0,
            "mails": 0,
            "phone_views": 0,
            "views": 0
        }
    },
    "token_type": "tag:scmcoord.com,2013:api"
}
Token en funcion mc1x3236fe0c2b23c8ef01fa3b4f6e4ceeeba3b2e3c7_v2
/private/accounts/11881664
a0a51a23-85b5-48ef-bd57-27edf97e6443
uuid funciona: a0a51a23-85b5-48ef-bd57-27edf97e6443
Request method:	POST
Request URI:	https://webapi.segundamano.mx/alerts/v1/private/account/a0a51a23-85b5-48ef-bd57-27edf97e6443/alert
Proxy:			<none>
Request params:	<none>
Query params:	<none>
Form params:	<none>
Path params:	<none>
Headers:		accept=application/json, text/plain, */*
				Authorization=Basic YTBhNTFhMjMtODViNS00OGVmLWJkNTctMjdlZGY5N2U2NDQzOm1jMXgzMjM2ZmUwYzJiMjNjOGVmMDFmYTNiNGY2ZTRjZWVlYmEzYjJlM2M3X3Yy
				Content-Type=application/json
Cookies:		<none>
Multiparts:		<none>
Body:
{
    "ad_listing_service_filters": {
        "region": "17",
        "category_lv0": "1000",
        "category_lv1": "1020"
    }
}
{
    "data": {
        "alert": {
            "id": "1d630735-fb9b-4e50-9296-274c033084b3",
            "title": "Venta inmuebles en Estado de México",
            "description": "",
            "url_path": "/anuncios/estado-de-mexico/venta-inmuebles",
            "created_at": "2022-10-14T16:52:05.813870014Z",
            "filters": {
                "category": "1020",
                "region": "17"
            },
            "ad_listing_service_filters": {
                "category_lv0": "1000",
                "category_lv1": "1020",
                "region": "17"
            }
        }
    }
}
]]></system-out>
  <system-err><![CDATA[]]></system-err>
</testsuite>
